<?xml version="1.0" encoding="UTF-8"?>
<!-- Generated by org.testng.reporters.JUnitXMLReporter -->
<testsuite ignored="1" hostname="DESKTOP-56J5GQU" failures="0" tests="2" name="TestNG_practice" time="12.052" errors="0" timestamp="2023-03-08T20:43:24 IST">
  <testcase classname="TestNGMethods.DependsOnGroups" name="Testcases" time="1.685"/>
  <testcase classname="TestNGMethods.DependsOnGroups" name="Testcases1" time="3.37"/>
  <testcase classname="TestNGMethods.DependsOnGroups" name="Testcases3" time="0.0">
    <ignored/>
  </testcase> <!-- Testcases3 -->
</testsuite> <!-- TestNG_practice -->
