<?xml version="1.0" encoding="UTF-8"?>
<testng-results ignored="1" total="4" passed="3" failed="0" skipped="0">
  <reporter-output>
  </reporter-output>
  <suite started-at="2023-02-21T19:52:55 IST" name="Default suite" finished-at="2023-02-21T19:52:56 IST" duration-ms="221">
    <groups>
    </groups>
    <test started-at="2023-02-21T19:52:55 IST" name="Default test" finished-at="2023-02-21T19:52:56 IST" duration-ms="221">
      <class name="testNG.SampleTestCase">
        <test-method signature="firstTestCase()[pri:1, instance:testNG.SampleTestCase@76f2bbc1]" started-at="2023-02-21T19:52:56 IST" name="firstTestCase" finished-at="2023-02-21T19:52:56 IST" duration-ms="21" status="PASS">
          <reporter-output>
          </reporter-output>
        </test-method> <!-- firstTestCase -->
        <test-method signature="secondTestCase()[pri:2, instance:testNG.SampleTestCase@76f2bbc1]" started-at="2023-02-21T19:52:56 IST" name="secondTestCase" finished-at="2023-02-21T19:52:56 IST" duration-ms="20" status="PASS">
          <reporter-output>
          </reporter-output>
        </test-method> <!-- secondTestCase -->
        <test-method signature="fourthTestCase()[pri:4, instance:testNG.SampleTestCase@76f2bbc1]" started-at="2023-02-21T19:52:56 IST" name="fourthTestCase" finished-at="2023-02-21T19:52:56 IST" duration-ms="8" status="PASS">
          <reporter-output>
          </reporter-output>
        </test-method> <!-- fourthTestCase -->
      </class> <!-- testNG.SampleTestCase -->
    </test> <!-- Default test -->
  </suite> <!-- Default suite -->
</testng-results>
