<?xml version="1.0" encoding="UTF-8"?>
<!-- Generated by org.testng.reporters.JUnitXMLReporter -->
<testsuite ignored="1" hostname="DESKTOP-56J5GQU" failures="0" tests="3" name="Default test" time="0.221" errors="0" timestamp="2023-02-21T19:52:56 IST">
  <testcase classname="testNG.SampleTestCase" name="firstTestCase" time="0.021"/>
  <testcase classname="testNG.SampleTestCase" name="secondTestCase" time="0.02"/>
  <testcase classname="testNG.SampleTestCase" name="fourthTestCase" time="0.008"/>
  <testcase classname="testNG.SampleTestCase" name="thirdTestCase" time="0.0">
    <ignored/>
  </testcase> <!-- thirdTestCase -->
</testsuite> <!-- Default test -->
